# JRE version: OpenJDK Runtime Environment (8.0_302-b08) (build 1.8.0_302-b08)
# Java VM: OpenJDK 64-Bit Server VM (25.302-b08 mixed mode windows-amd64 compressed oops)
Heap:
 PSYoungGen      total 150016K, used 131940K [0x00000000f5580000, 0x00000000ffc80000, 0x0000000100000000)
  eden space 128512K, 100% used [0x00000000f5580000,0x00000000fd300000,0x00000000fd300000)
  from space 21504K, 15% used [0x00000000fe780000,0x00000000fead9160,0x00000000ffc80000)
  to   space 20992K, 0% used [0x00000000fd300000,0x00000000fd300000,0x00000000fe780000)
 ParOldGen       total 301568K, used 232687K [0x00000000e0000000, 0x00000000f2680000, 0x00000000f5580000)
  object space 301568K, 77% used [0x00000000e0000000,0x00000000ee33be90,0x00000000f2680000)
 Metaspace       used 124161K, capacity 131945K, committed 132224K, reserved 1163264K
  class space    used 16350K, capacity 17912K, committed 18048K, reserved 1048576K
GC Heap History (10 events):
Event: 6637.523 GC heap before
{Heap before GC invocations=68 (full 4):
 PSYoungGen      total 138752K, used 114060K [0x00000000f5580000, 0x00000000ffc80000, 0x0000000100000000)
  eden space 108544K, 100% used [0x00000000f5580000,0x00000000fbf80000,0x00000000fbf80000)
  from space 30208K, 18% used [0x00000000fbf80000,0x00000000fc4e3028,0x00000000fdd00000)
  to   space 28160K, 0% used [0x00000000fe100000,0x00000000fe100000,0x00000000ffc80000)
 ParOldGen       total 301568K, used 216934K [0x00000000e0000000, 0x00000000f2680000, 0x00000000f5580000)
  object space 301568K, 71% used [0x00000000e0000000,0x00000000ed3d99b0,0x00000000f2680000)
 Metaspace       used 124102K, capacity 131851K, committed 132224K, reserved 1163264K
  class space    used 16344K, capacity 17907K, committed 18048K, reserved 1048576K
Event: 6637.547 GC heap after
Heap after GC invocations=68 (full 4):
 PSYoungGen      total 141824K, used 5783K [0x00000000f5580000, 0x00000000ffa00000, 0x0000000100000000)
  eden space 116224K, 0% used [0x00000000f5580000,0x00000000f5580000,0x00000000fc700000)
  from space 25600K, 22% used [0x00000000fe100000,0x00000000fe6a5df8,0x00000000ffa00000)
  to   space 26112K, 0% used [0x00000000fc700000,0x00000000fc700000,0x00000000fe080000)
 ParOldGen       total 301568K, used 221723K [0x00000000e0000000, 0x00000000f2680000, 0x00000000f5580000)
  object space 301568K, 73% used [0x00000000e0000000,0x00000000ed886c18,0x00000000f2680000)
 Metaspace       used 124102K, capacity 131851K, committed 132224K, reserved 1163264K
  class space    used 16344K, capacity 17907K, committed 18048K, reserved 1048576K
}
Event: 6637.891 GC heap before
{Heap before GC invocations=69 (full 4):
 PSYoungGen      total 141824K, used 122007K [0x00000000f5580000, 0x00000000ffa00000, 0x0000000100000000)
  eden space 116224K, 100% used [0x00000000f5580000,0x00000000fc700000,0x00000000fc700000)
  from space 25600K, 22% used [0x00000000fe100000,0x00000000fe6a5df8,0x00000000ffa00000)
  to   space 26112K, 0% used [0x00000000fc700000,0x00000000fc700000,0x00000000fe080000)
 ParOldGen       total 301568K, used 221723K [0x00000000e0000000, 0x00000000f2680000, 0x00000000f5580000)
  object space 301568K, 73% used [0x00000000e0000000,0x00000000ed886c18,0x00000000f2680000)
 Metaspace       used 124108K, capacity 131851K, committed 132224K, reserved 1163264K
  class space    used 16344K, capacity 17907K, committed 18048K, reserved 1048576K
Event: 6637.917 GC heap after
Heap after GC invocations=69 (full 4):
 PSYoungGen      total 142336K, used 3324K [0x00000000f5580000, 0x00000000ffd80000, 0x0000000100000000)
  eden space 116224K, 0% used [0x00000000f5580000,0x00000000f5580000,0x00000000fc700000)
  from space 26112K, 12% used [0x00000000fc700000,0x00000000fca3f150,0x00000000fe080000)
  to   space 24576K, 0% used [0x00000000fe580000,0x00000000fe580000,0x00000000ffd80000)
 ParOldGen       total 301568K, used 226787K [0x00000000e0000000, 0x00000000f2680000, 0x00000000f5580000)
  object space 301568K, 75% used [0x00000000e0000000,0x00000000edd78ef0,0x00000000f2680000)
 Metaspace       used 124108K, capacity 131851K, committed 132224K, reserved 1163264K
  class space    used 16344K, capacity 17907K, committed 18048K, reserved 1048576K
}
Event: 6638.294 GC heap before
{Heap before GC invocations=70 (full 4):
 PSYoungGen      total 142336K, used 119548K [0x00000000f5580000, 0x00000000ffd80000, 0x0000000100000000)
  eden space 116224K, 100% used [0x00000000f5580000,0x00000000fc700000,0x00000000fc700000)
  from space 26112K, 12% used [0x00000000fc700000,0x00000000fca3f150,0x00000000fe080000)
  to   space 24576K, 0% used [0x00000000fe580000,0x00000000fe580000,0x00000000ffd80000)
 ParOldGen       total 301568K, used 226787K [0x00000000e0000000, 0x00000000f2680000, 0x00000000f5580000)
  object space 301568K, 75% used [0x00000000e0000000,0x00000000edd78ef0,0x00000000f2680000)
 Metaspace       used 124146K, capacity 131943K, committed 132224K, reserved 1163264K
  class space    used 16349K, capacity 17911K, committed 18048K, reserved 1048576K
Event: 6638.320 GC heap after
Heap after GC invocations=70 (full 4):
 PSYoungGen      total 147456K, used 2240K [0x00000000f5580000, 0x00000000ffc80000, 0x0000000100000000)
  eden space 123904K, 0% used [0x00000000f5580000,0x00000000f5580000,0x00000000fce80000)
  from space 23552K, 9% used [0x00000000fe580000,0x00000000fe7b0000,0x00000000ffc80000)
  to   space 23552K, 0% used [0x00000000fce80000,0x00000000fce80000,0x00000000fe580000)
 ParOldGen       total 301568K, used 229484K [0x00000000e0000000, 0x00000000f2680000, 0x00000000f5580000)
  object space 301568K, 76% used [0x00000000e0000000,0x00000000ee01b300,0x00000000f2680000)
 Metaspace       used 124146K, capacity 131943K, committed 132224K, reserved 1163264K
  class space    used 16349K, capacity 17911K, committed 18048K, reserved 1048576K
}
Event: 6638.634 GC heap before
{Heap before GC invocations=71 (full 4):
 PSYoungGen      total 147456K, used 126144K [0x00000000f5580000, 0x00000000ffc80000, 0x0000000100000000)
  eden space 123904K, 100% used [0x00000000f5580000,0x00000000fce80000,0x00000000fce80000)
  from space 23552K, 9% used [0x00000000fe580000,0x00000000fe7b0000,0x00000000ffc80000)
  to   space 23552K, 0% used [0x00000000fce80000,0x00000000fce80000,0x00000000fe580000)
 ParOldGen       total 301568K, used 229484K [0x00000000e0000000, 0x00000000f2680000, 0x00000000f5580000)
  object space 301568K, 76% used [0x00000000e0000000,0x00000000ee01b300,0x00000000f2680000)
 Metaspace       used 124149K, capacity 131943K, committed 132224K, reserved 1163264K
  class space    used 16349K, capacity 17911K, committed 18048K, reserved 1048576K
Event: 6638.653 GC heap after
Heap after GC invocations=71 (full 4):
 PSYoungGen      total 147456K, used 2315K [0x00000000f5580000, 0x00000000ffd00000, 0x0000000100000000)
  eden space 123904K, 0% used [0x00000000f5580000,0x00000000f5580000,0x00000000fce80000)
  from space 23552K, 9% used [0x00000000fce80000,0x00000000fd0c2c30,0x00000000fe580000)
  to   space 22016K, 0% used [0x00000000fe780000,0x00000000fe780000,0x00000000ffd00000)
 ParOldGen       total 301568K, used 231179K [0x00000000e0000000, 0x00000000f2680000, 0x00000000f5580000)
  object space 301568K, 76% used [0x00000000e0000000,0x00000000ee1c2fc0,0x00000000f2680000)
 Metaspace       used 124149K, capacity 131943K, committed 132224K, reserved 1163264K
  class space    used 16349K, capacity 17911K, committed 18048K, reserved 1048576K
}
Event: 6639.022 GC heap before
{Heap before GC invocations=72 (full 4):
 PSYoungGen      total 147456K, used 126219K [0x00000000f5580000, 0x00000000ffd00000, 0x0000000100000000)
  eden space 123904K, 100% used [0x00000000f5580000,0x00000000fce80000,0x00000000fce80000)
  from space 23552K, 9% used [0x00000000fce80000,0x00000000fd0c2c30,0x00000000fe580000)
  to   space 22016K, 0% used [0x00000000fe780000,0x00000000fe780000,0x00000000ffd00000)
 ParOldGen       total 301568K, used 231179K [0x00000000e0000000, 0x00000000f2680000, 0x00000000f5580000)
  object space 301568K, 76% used [0x00000000e0000000,0x00000000ee1c2fc0,0x00000000f2680000)
 Metaspace       used 124157K, capacity 131945K, committed 132224K, reserved 1163264K
  class space    used 16350K, capacity 17912K, committed 18048K, reserved 1048576K
Event: 6639.036 GC heap after
Heap after GC invocations=72 (full 4):
 PSYoungGen      total 150016K, used 3428K [0x00000000f5580000, 0x00000000ffc80000, 0x0000000100000000)
  eden space 128512K, 0% used [0x00000000f5580000,0x00000000f5580000,0x00000000fd300000)
  from space 21504K, 15% used [0x00000000fe780000,0x00000000fead9160,0x00000000ffc80000)
  to   space 20992K, 0% used [0x00000000fd300000,0x00000000fd300000,0x00000000fe780000)
 ParOldGen       total 301568K, used 232687K [0x00000000e0000000, 0x00000000f2680000, 0x00000000f5580000)
  object space 301568K, 77% used [0x00000000e0000000,0x00000000ee33be90,0x00000000f2680000)
 Metaspace       used 124157K, capacity 131945K, committed 132224K, reserved 1163264K
  class space    used 16350K, capacity 17912K, committed 18048K, reserved 1048576K
}

